Determining if the pthread_create exist failed with the following output:
Change Dir: /home/ken/Documents/HDU_Phoenix/build/CMakeFiles/CMakeTmp

Run Build Command:"/usr/bin/make" "cmTC_b1661/fast"
/usr/bin/make -f CMakeFiles/cmTC_b1661.dir/build.make CMakeFiles/cmTC_b1661.dir/build
make[1]: Entering directory '/home/ken/Documents/HDU_Phoenix/build/CMakeFiles/CMakeTmp'
Building C object CMakeFiles/cmTC_b1661.dir/CheckSymbolExists.c.o
/usr/bin/cc    -o CMakeFiles/cmTC_b1661.dir/CheckSymbolExists.c.o   -c /home/ken/Documents/HDU_Phoenix/build/CMakeFiles/CMakeTmp/CheckSymbolExists.c
Linking C executable cmTC_b1661
/usr/bin/cmake -E cmake_link_script CMakeFiles/cmTC_b1661.dir/link.txt --verbose=1
/usr/bin/cc      -rdynamic CMakeFiles/cmTC_b1661.dir/CheckSymbolExists.c.o  -o cmTC_b1661 
CMakeFiles/cmTC_b1661.dir/CheckSymbolExists.c.o: In function `main':
CheckSymbolExists.c:(.text+0x1b): undefined reference to `pthread_create'
collect2: error: ld returned 1 exit status
CMakeFiles/cmTC_b1661.dir/build.make:97: recipe for target 'cmTC_b1661' failed
make[1]: *** [cmTC_b1661] Error 1
make[1]: Leaving directory '/home/ken/Documents/HDU_Phoenix/build/CMakeFiles/CMakeTmp'
Makefile:126: recipe for target 'cmTC_b1661/fast' failed
make: *** [cmTC_b1661/fast] Error 2

File /home/ken/Documents/HDU_Phoenix/build/CMakeFiles/CMakeTmp/CheckSymbolExists.c:
/* */
#include <pthread.h>

int main(int argc, char** argv)
{
  (void)argv;
#ifndef pthread_create
  return ((int*)(&pthread_create))[argc];
#else
  (void)argc;
  return 0;
#endif
}

Determining if the function pthread_create exists in the pthreads failed with the following output:
Change Dir: /home/ken/Documents/HDU_Phoenix/build/CMakeFiles/CMakeTmp

Run Build Command:"/usr/bin/make" "cmTC_577ab/fast"
/usr/bin/make -f CMakeFiles/cmTC_577ab.dir/build.make CMakeFiles/cmTC_577ab.dir/build
make[1]: Entering directory '/home/ken/Documents/HDU_Phoenix/build/CMakeFiles/CMakeTmp'
Building C object CMakeFiles/cmTC_577ab.dir/CheckFunctionExists.c.o
/usr/bin/cc   -DCHECK_FUNCTION_EXISTS=pthread_create   -o CMakeFiles/cmTC_577ab.dir/CheckFunctionExists.c.o   -c /usr/share/cmake-3.10/Modules/CheckFunctionExists.c
Linking C executable cmTC_577ab
/usr/bin/cmake -E cmake_link_script CMakeFiles/cmTC_577ab.dir/link.txt --verbose=1
/usr/bin/cc  -DCHECK_FUNCTION_EXISTS=pthread_create    -rdynamic CMakeFiles/cmTC_577ab.dir/CheckFunctionExists.c.o  -o cmTC_577ab -lpthreads 
/usr/bin/ld: cannot find -lpthreads
collect2: error: ld returned 1 exit status
CMakeFiles/cmTC_577ab.dir/build.make:97: recipe for target 'cmTC_577ab' failed
make[1]: *** [cmTC_577ab] Error 1
make[1]: Leaving directory '/home/ken/Documents/HDU_Phoenix/build/CMakeFiles/CMakeTmp'
Makefile:126: recipe for target 'cmTC_577ab/fast' failed
make: *** [cmTC_577ab/fast] Error 2


